c:\users\pblwo\desktop\project\tetramicarraysoundlocalization\tetras~1\tetraaai_paper_version\x64\debug\tetraaai_paper_version.pch
c:\users\pblwo\desktop\project\tetramicarraysoundlocalization\tetras~1\tetraaai_paper_version\x64\debug\vc141.pdb
c:\users\pblwo\desktop\project\tetramicarraysoundlocalization\tetras~1\tetraaai_paper_version\x64\debug\vc141.idb
c:\users\pblwo\desktop\project\tetramicarraysoundlocalization\tetras~1\tetraaai_paper_version\x64\debug\stdafx.obj
c:\users\pblwo\desktop\project\tetramicarraysoundlocalization\tetras~1\tetraaai_paper_version\x64\debug\tetra_sound_localization.obj
c:\users\pblwo\desktop\project\tetramicarraysoundlocalization\tetras~1\tetraaai_paper_version\x64\debug\aai_sound_localization.obj
c:\users\pblwo\desktop\project\tetramicarraysoundlocalization\tetras~1\tetraaai_paper_version\x64\debug\cpsp.obj
c:\users\pblwo\desktop\project\tetramicarraysoundlocalization\tetras~1\tetraaai_paper_version\x64\debug\osh_sound_localization.obj
c:\users\pblwo\desktop\project\tetramicarraysoundlocalization\tetras~1\tetraaai_paper_version\x64\debug\sort.obj
c:\users\pblwo\desktop\project\tetramicarraysoundlocalization\tetras~1\tetraaai_paper_version\x64\debug\tetraaai_paper_version.obj
c:\users\pblwo\desktop\project\tetramicarraysoundlocalization\tetras~1\x64\debug\tetraaai_paper_version.pdb
c:\users\pblwo\desktop\project\tetramicarraysoundlocalization\tetras~1\tetraaai_paper_version\x64\debug\tetraaai.1d7f31ca.tlog\cl.command.1.tlog
c:\users\pblwo\desktop\project\tetramicarraysoundlocalization\tetras~1\tetraaai_paper_version\x64\debug\tetraaai.1d7f31ca.tlog\cl.read.1.tlog
c:\users\pblwo\desktop\project\tetramicarraysoundlocalization\tetras~1\tetraaai_paper_version\x64\debug\tetraaai.1d7f31ca.tlog\cl.write.1.tlog
c:\users\pblwo\desktop\project\tetramicarraysoundlocalization\tetras~1\tetraaai_paper_version\x64\debug\tetraaai.1d7f31ca.tlog\link-cvtres.read.1.tlog
c:\users\pblwo\desktop\project\tetramicarraysoundlocalization\tetras~1\tetraaai_paper_version\x64\debug\tetraaai.1d7f31ca.tlog\link-cvtres.write.1.tlog
c:\users\pblwo\desktop\project\tetramicarraysoundlocalization\tetras~1\tetraaai_paper_version\x64\debug\tetraaai.1d7f31ca.tlog\link-rc.read.1.tlog
c:\users\pblwo\desktop\project\tetramicarraysoundlocalization\tetras~1\tetraaai_paper_version\x64\debug\tetraaai.1d7f31ca.tlog\link-rc.write.1.tlog
c:\users\pblwo\desktop\project\tetramicarraysoundlocalization\tetras~1\tetraaai_paper_version\x64\debug\tetraaai.1d7f31ca.tlog\link.command.1.tlog
c:\users\pblwo\desktop\project\tetramicarraysoundlocalization\tetras~1\tetraaai_paper_version\x64\debug\tetraaai.1d7f31ca.tlog\link.read.1.tlog
c:\users\pblwo\desktop\project\tetramicarraysoundlocalization\tetras~1\tetraaai_paper_version\x64\debug\tetraaai.1d7f31ca.tlog\link.write.1.tlog
